<?xml version="1.0" encoding="UTF-8"?>
<!-- Generated by org.testng.reporters.JUnitReportReporter -->
<testsuite hostname="WIN-60DVCDSQH1P" name="testNgPractice.testNgAndATU4" tests="3" failures="0" timestamp="13 May 2015 02:38:34 GMT" time="2.303" errors="0">
  <testcase name="test1" time="0.810" classname="testNgPractice.testNgAndATU4"/>
  <testcase name="test3" time="0.735" classname="testNgPractice.testNgAndATU4"/>
  <testcase name="test2" time="0.758" classname="testNgPractice.testNgAndATU4"/>
</testsuite> <!-- testNgPractice.testNgAndATU4 -->
