<?xml version="1.0" encoding="UTF-8"?>
<!-- Generated by org.testng.reporters.JUnitReportReporter -->
<testsuite hostname="WIN-60DVCDSQH1P" name="testNgPractice.afterSuite" tests="1" failures="0" timestamp="21 May 2015 13:19:17 GMT" time="0.004" errors="0">
  <testcase name="runRandom" time="0.004" classname="testNgPractice.afterSuite"/>
</testsuite> <!-- testNgPractice.afterSuite -->
