<?xml version="1.0" encoding="UTF-8"?>
<!-- Generated by org.testng.reporters.JUnitReportReporter -->
<testsuite hostname="WIN-60DVCDSQH1P" name="projectTestNG.TC05" tests="1" failures="0" timestamp="27 Apr 2015 07:37:58 GMT" time="373.225" errors="0">
  <testcase name="searchPeople" time="373.225" classname="projectTestNG.TC05"/>
</testsuite> <!-- projectTestNG.TC05 -->
