<?xml version="1.0" encoding="UTF-8"?>
<!-- Generated by org.testng.reporters.JUnitReportReporter -->
<testsuite hostname="WIN-60DVCDSQH1P" name="testNgPractice.atTest" tests="4" failures="0" timestamp="21 May 2015 13:19:17 GMT" time="0.036" errors="0">
  <testcase name="runRandomOneAtTesth" time="0.012" classname="testNgPractice.atTest"/>
  <testcase name="runRandomOneAtTest" time="0.004" classname="testNgPractice.atTest"/>
  <testcase name="runRandom1232" time="0.015" classname="testNgPractice.atTest"/>
  <testcase name="runRandomOneAtTesthuh" time="0.005" classname="testNgPractice.atTest"/>
</testsuite> <!-- testNgPractice.atTest -->
