<?xml version="1.0" encoding="UTF-8"?>
<!-- Generated by org.testng.reporters.JUnitReportReporter -->
<testsuite hostname="WIN-60DVCDSQH1P" name="testNGProj.Multiple" tests="3" failures="0" timestamp="8 May 2015 21:23:45 GMT" time="0.016" errors="0">
  <testcase name="test2" time="0.000" classname="testNGProj.Multiple"/>
  <testcase name="test3" time="0.000" classname="testNGProj.Multiple"/>
  <testcase name="test1" time="0.016" classname="testNGProj.Multiple"/>
</testsuite> <!-- testNGProj.Multiple -->
