<?xml version="1.0" encoding="UTF-8"?>
<!-- Generated by org.testng.reporters.JUnitReportReporter -->
<testsuite hostname="WIN-60DVCDSQH1P" name="testNGProj.OpentapsLogin" tests="3" failures="0" timestamp="7 May 2015 06:24:12 GMT" time="14.609" errors="0">
  <testcase name="test2" time="0.000" classname="testNGProj.OpentapsLogin"/>
  <testcase name="test" time="14.609" classname="testNGProj.OpentapsLogin"/>
  <testcase name="test1" time="0.000" classname="testNGProj.OpentapsLogin"/>
</testsuite> <!-- testNGProj.OpentapsLogin -->
