<?xml version="1.0" encoding="UTF-8"?>
<!-- Generated by org.testng.reporters.JUnitReportReporter -->
<testsuite hostname="WIN-60DVCDSQH1P" name="testNgPractice.encapDD" tests="1" failures="0" timestamp="16 May 2015 02:12:23 GMT" time="0.031" errors="0">
  <testcase name="enCaped" time="0.031" classname="testNgPractice.encapDD"/>
</testsuite> <!-- testNgPractice.encapDD -->
