<?xml version="1.0" encoding="UTF-8"?>
<!-- Generated by org.testng.reporters.JUnitReportReporter -->
<testsuite hostname="WIN-60DVCDSQH1P" name="projectTestNG.TC07" tests="3" failures="0" timestamp="4 May 2015 15:59:16 GMT" time="23.656" errors="0">
  <testcase name="zzestTwo" time="7.575" classname="projectTestNG.TC07"/>
  <testcase name="testOne" time="7.115" classname="projectTestNG.TC07"/>
  <testcase name="sestThree" time="8.966" classname="projectTestNG.TC07"/>
</testsuite> <!-- projectTestNG.TC07 -->
