<?xml version="1.0" encoding="UTF-8"?>
<!-- Generated by org.testng.reporters.JUnitReportReporter -->
<testsuite hostname="WIN-60DVCDSQH1P" name="testNGProj.protectedcheck" tests="1" failures="0" timestamp="16 May 2015 02:40:52 GMT" time="0.032" errors="0">
  <testcase name="checkcheck" time="0.032" classname="testNGProj.protectedcheck"/>
</testsuite> <!-- testNGProj.protectedcheck -->
