<?xml version="1.0" encoding="UTF-8"?>
<!-- Generated by org.testng.reporters.JUnitReportReporter -->
<testsuite hostname="WIN-60DVCDSQH1P" name="testNgPractice.beforeSuite" tests="4" failures="0" timestamp="21 May 2015 13:19:17 GMT" time="0.105" errors="0">
  <testcase name="runRandom" time="0.031" classname="testNgPractice.beforeSuite"/>
  <testcase name="runRandom" time="0.034" classname="testNgPractice.beforeSuite"/>
  <testcase name="runRandom" time="0.031" classname="testNgPractice.beforeSuite"/>
  <testcase name="runRandom2" time="0.009" classname="testNgPractice.beforeSuite"/>
</testsuite> <!-- testNgPractice.beforeSuite -->
