<?xml version="1.0" encoding="UTF-8"?>
<!-- Generated by org.testng.reporters.JUnitReportReporter -->
<testsuite hostname="WIN-60DVCDSQH1P" name="testNgPractice.checkGrid" tests="1" failures="0" timestamp="13 May 2015 01:21:47 GMT" time="7.212" errors="0">
  <testcase name="launchBrowser" time="7.212" classname="testNgPractice.checkGrid"/>
</testsuite> <!-- testNgPractice.checkGrid -->
